This is pdfTeXk, Version 3.1415926-1.40.9 (Web2C 7.5.7) (format=pdflatex 2008.8.22)  23 MAY 2009 18:28
entering extended mode
 %&-line parsing enabled.
**upe.tex
(./upe.tex
LaTeX2e <2005/12/01>
Babel <v3.8l> and hyphenation patterns for english, usenglishmax, dumylang, noh
yphenation, german-x-2008-06-18, ngerman-x-2008-06-18, ancientgreek, ibycus, ar
abic, basque, bulgarian, catalan, pinyin, coptic, croatian, czech, danish, dutc
h, esperanto, estonian, farsi, finnish, french, galician, german, ngerman, mono
greek, greek, hungarian, icelandic, indonesian, interlingua, irish, italian, la
tin, mongolian, mongolian2a, bokmal, nynorsk, polish, portuguese, romanian, rus
sian, sanskrit, serbian, slovak, slovenian, spanish, swedish, turkish, ukenglis
h, ukrainian, uppersorbian, welsh, loaded.
(/usr/local/texlive/2008/texmf-dist/tex/latex/base/book.cls
Document Class: book 2005/09/16 v1.4f Standard LaTeX document class
(/usr/local/texlive/2008/texmf-dist/tex/latex/base/bk12.clo
File: bk12.clo 2005/09/16 v1.4f Standard LaTeX file (size option)
)
\c@part=\count79
\c@chapter=\count80
\c@section=\count81
\c@subsection=\count82
\c@subsubsection=\count83
\c@paragraph=\count84
\c@subparagraph=\count85
\c@figure=\count86
\c@table=\count87
\abovecaptionskip=\skip41
\belowcaptionskip=\skip42
\bibindent=\dimen102
)
(/usr/local/texlive/2008/texmf-dist/tex/latex/geometry/geometry.sty
Package: geometry 2002/07/08 v3.2 Page Geometry

(/usr/local/texlive/2008/texmf-dist/tex/latex/graphics/keyval.sty
Package: keyval 1999/03/16 v1.13 key=value parser (DPC)
\KV@toks@=\toks14
)
\Gm@cnth=\count88
\Gm@cntv=\count89
\c@Gm@tempcnt=\count90
\Gm@bindingoffset=\dimen103
\Gm@wd@mp=\dimen104
\Gm@odd@mp=\dimen105
\Gm@even@mp=\dimen106
\Gm@dimlist=\toks15

(/usr/local/texlive/2008/texmf-dist/tex/xelatex/xetexconfig/geometry.cfg)

Package geometry Warning: Over-specification in `h'-direction.
    `width' (455.24408pt) is ignored.


Package geometry Warning: Over-specification in `v'-direction.
    `height' (702.78297pt) is ignored.

) (/usr/local/texlive/2008/texmf-dist/tex/latex/tools/indentfirst.sty
Package: indentfirst 1995/11/23 v1.03 Indent first paragraph (DPC)
)
(/usr/local/texlive/2008/texmf-dist/tex/latex/graphics/graphicx.sty
Package: graphicx 1999/02/16 v1.0f Enhanced LaTeX Graphics (DPC,SPQR)

(/usr/local/texlive/2008/texmf-dist/tex/latex/graphics/graphics.sty
Package: graphics 2006/02/20 v1.0o Standard LaTeX Graphics (DPC,SPQR)

(/usr/local/texlive/2008/texmf-dist/tex/latex/graphics/trig.sty
Package: trig 1999/03/16 v1.09 sin cos tan (DPC)
)
(/usr/local/texlive/2008/texmf/tex/latex/config/graphics.cfg
File: graphics.cfg 2007/01/18 v1.5 graphics configuration of teTeX/TeXLive
)
Package graphics Info: Driver file: pdftex.def on input line 90.

(/usr/local/texlive/2008/texmf-dist/tex/latex/pdftex-def/pdftex.def
File: pdftex.def 2008/07/16 v0.04k Graphics/color for pdfTeX
\Gread@gobject=\count91
))
\Gin@req@height=\dimen107
\Gin@req@width=\dimen108
)
(/usr/local/texlive/2008/texmf-dist/tex/latex/pslatex/pslatex.sty
Package: pslatex 1996/07/24 v1.2 pslatex emulation (DPC)
LaTeX Font Info:    Redeclaring symbol font `operators' on input line 65.
LaTeX Font Info:    Overwriting symbol font `operators' in version `normal'
(Font)                  OT1/cmr/m/n --> OT1/ptmcm/m/n on input line 65.
LaTeX Font Info:    Overwriting symbol font `operators' in version `bold'
(Font)                  OT1/cmr/bx/n --> OT1/ptmcm/m/n on input line 65.
LaTeX Font Info:    Redeclaring symbol font `letters' on input line 66.
LaTeX Font Info:    Overwriting symbol font `letters' in version `normal'
(Font)                  OML/cmm/m/it --> OML/ptmcm/m/it on input line 66.
LaTeX Font Info:    Overwriting symbol font `letters' in version `bold'
(Font)                  OML/cmm/b/it --> OML/ptmcm/m/it on input line 66.
LaTeX Font Info:    Redeclaring symbol font `symbols' on input line 67.
LaTeX Font Info:    Overwriting symbol font `symbols' in version `normal'
(Font)                  OMS/cmsy/m/n --> OMS/pzccm/m/n on input line 67.
LaTeX Font Info:    Overwriting symbol font `symbols' in version `bold'
(Font)                  OMS/cmsy/b/n --> OMS/pzccm/m/n on input line 67.
LaTeX Font Info:    Redeclaring symbol font `largesymbols' on input line 68.
LaTeX Font Info:    Overwriting symbol font `largesymbols' in version `normal'
(Font)                  OMX/cmex/m/n --> OMX/psycm/m/n on input line 68.
LaTeX Font Info:    Overwriting symbol font `largesymbols' in version `bold'
(Font)                  OMX/cmex/m/n --> OMX/psycm/m/n on input line 68.
\symbold=\mathgroup4
\symitalic=\mathgroup5
LaTeX Font Info:    Redeclaring math alphabet \mathbf on input line 74.
LaTeX Font Info:    Overwriting math alphabet `\mathbf' in version `normal'
(Font)                  OT1/cmr/bx/n --> OT1/ptm/bx/n on input line 74.
LaTeX Font Info:    Overwriting math alphabet `\mathbf' in version `bold'
(Font)                  OT1/cmr/bx/n --> OT1/ptm/bx/n on input line 74.
LaTeX Font Info:    Redeclaring math alphabet \mathit on input line 75.
LaTeX Font Info:    Overwriting math alphabet `\mathit' in version `normal'
(Font)                  OT1/cmr/m/it --> OT1/ptm/m/it on input line 75.
LaTeX Font Info:    Overwriting math alphabet `\mathit' in version `bold'
(Font)                  OT1/cmr/bx/it --> OT1/ptm/m/it on input line 75.
)
(/usr/local/texlive/2008/texmf-dist/tex/latex/hyperref/hyperref.sty
Package: hyperref 2008/08/14 v6.78f Hypertext links for LaTeX

(/usr/local/texlive/2008/texmf-dist/tex/generic/oberdiek/ifpdf.sty
Package: ifpdf 2007/12/12 v1.6 Provides the ifpdf switch (HO)
Package ifpdf Info: pdfTeX in pdf mode detected.
)
(/usr/local/texlive/2008/texmf-dist/tex/generic/oberdiek/ifvtex.sty
Package: ifvtex 2007/09/09 v1.3 Switches for detecting VTeX and its modes (HO)
Package ifvtex Info: VTeX not detected.
)
(/usr/local/texlive/2008/texmf-dist/tex/generic/ifxetex/ifxetex.sty
Package: ifxetex 2006/08/21 v0.3 Provides ifxetex conditional
)
(/usr/local/texlive/2008/texmf-dist/tex/latex/oberdiek/hycolor.sty
Package: hycolor 2008/08/01 v1.3 Code for color options of hyperref/bookmark (H
O)

(/usr/local/texlive/2008/texmf-dist/tex/latex/oberdiek/xcolor-patch.sty
Package: xcolor-patch 2008/08/01 xcolor patch
))
\@linkdim=\dimen109
\Hy@linkcounter=\count92
\Hy@pagecounter=\count93

(/usr/local/texlive/2008/texmf-dist/tex/latex/hyperref/pd1enc.def
File: pd1enc.def 2008/08/14 v6.78f Hyperref: PDFDocEncoding definition (HO)
)
(/usr/local/texlive/2008/texmf-dist/tex/generic/oberdiek/etexcmds.sty
Package: etexcmds 2007/12/12 v1.2 Prefix for e-TeX command names (HO)

(/usr/local/texlive/2008/texmf-dist/tex/generic/oberdiek/infwarerr.sty
Package: infwarerr 2007/09/09 v1.2 Providing info/warning/message (HO)
)
Package etexcmds Info: Could not find \expanded.
(etexcmds)             That can mean that you are not using pdfTeX 1.50 or
(etexcmds)             that some package has redefined \expanded.
(etexcmds)             In the latter case, load this package earlier.
)
(/usr/local/texlive/2008/texmf/tex/latex/config/hyperref.cfg
File: hyperref.cfg 2002/06/06 v1.2 hyperref configuration of TeXLive
)
(/usr/local/texlive/2008/texmf-dist/tex/latex/oberdiek/kvoptions.sty
Package: kvoptions 2007/10/18 v3.0 Keyval support for LaTeX options (HO)
)
Package hyperref Info: Option `bookmarks' set `true' on input line 2765.
Package hyperref Info: Option `bookmarksnumbered' set `true' on input line 2765
.
Package hyperref Info: Option `colorlinks' set `true' on input line 2765.
Package hyperref Info: Hyper figures OFF on input line 2876.
Package hyperref Info: Link nesting OFF on input line 2881.
Package hyperref Info: Hyper index ON on input line 2884.
Package hyperref Info: Plain pages OFF on input line 2891.
Package hyperref Info: Backreferencing OFF on input line 2896.

Implicit mode ON; LaTeX internals redefined
Package hyperref Info: Bookmarks ON on input line 3086.
(/usr/local/texlive/2008/texmf-dist/tex/latex/ltxmisc/url.sty
\Urlmuskip=\muskip10
Package: url 2006/04/12  ver 3.3  Verb mode for urls, etc.
)
LaTeX Info: Redefining \url on input line 3272.

(/usr/local/texlive/2008/texmf-dist/tex/generic/oberdiek/bitset.sty
Package: bitset 2007/09/28 v1.0 Data type bit set (HO)

(/usr/local/texlive/2008/texmf-dist/tex/generic/oberdiek/intcalc.sty
Package: intcalc 2007/09/27 v1.1 Expandable integer calculations (HO)
)
(/usr/local/texlive/2008/texmf-dist/tex/generic/oberdiek/bigintcalc.sty
Package: bigintcalc 2007/11/11 v1.1 Expandable big integer calculations (HO)

(/usr/local/texlive/2008/texmf-dist/tex/generic/oberdiek/pdftexcmds.sty
Package: pdftexcmds 2007/12/12 v0.3 LuaTeX support for pdfTeX utility functions
 (HO)
Package pdftexcmds Info: LuaTeX not detected on input line 139.
)))
(/usr/local/texlive/2008/texmf-dist/tex/generic/oberdiek/kvsetkeys.sty
Package: kvsetkeys 2007/09/29 v1.3 Key value parser with default handler suppor
t (HO)
)
\Fld@menulength=\count94
\Field@Width=\dimen110
\Fld@charsize=\dimen111
\Field@toks=\toks16
Package hyperref Info: Hyper figures OFF on input line 4189.
Package hyperref Info: Link nesting OFF on input line 4194.
Package hyperref Info: Hyper index ON on input line 4197.
Package hyperref Info: backreferencing OFF on input line 4204.
Package hyperref Info: Link coloring ON on input line 4207.
Package hyperref Info: Link coloring with OCG OFF on input line 4214.
Package hyperref Info: PDF/A mode OFF on input line 4219.

(/usr/local/texlive/2008/texmf-dist/tex/generic/oberdiek/atbegshi.sty
Package: atbegshi 2008/07/31 v1.9 At begin shipout hook (HO)
)
\Hy@abspage=\count95
\c@Item=\count96
\c@Hfootnote=\count97
)
*hyperref using default driver hpdftex*
(/usr/local/texlive/2008/texmf-dist/tex/latex/hyperref/hpdftex.def
File: hpdftex.def 2008/08/14 v6.78f Hyperref driver for pdfTeX
\Fld@listcount=\count98
)
(/usr/local/texlive/2008/texmf-dist/tex/latex/upquote/upquote.sty
Package: upquote 2003/08/11 v1.1 Covington's upright-quote modification to verb
atim and verb

(/usr/local/texlive/2008/texmf-dist/tex/latex/base/textcomp.sty
Package: textcomp 2005/09/27 v1.99g Standard LaTeX package
Package textcomp Info: Sub-encoding information:
(textcomp)               5 = only ISO-Adobe without \textcurrency
(textcomp)               4 = 5 + \texteuro
(textcomp)               3 = 4 + \textohm
(textcomp)               2 = 3 + \textestimated + \textcurrency
(textcomp)               1 = TS1 - \textcircled - \t
(textcomp)               0 = TS1 (full)
(textcomp)             Font families with sub-encoding setting implement
(textcomp)             only a restricted character set as indicated.
(textcomp)             Family '?' is the default used for unknown fonts.
(textcomp)             See the documentation for details.
Package textcomp Info: Setting ? sub-encoding to TS1/1 on input line 71.

(/usr/local/texlive/2008/texmf-dist/tex/latex/base/ts1enc.def
File: ts1enc.def 2001/06/05 v3.0e (jk/car/fm) Standard LaTeX file
)
LaTeX Info: Redefining \oldstylenums on input line 266.
Package textcomp Info: Setting cmr sub-encoding to TS1/0 on input line 281.
Package textcomp Info: Setting cmss sub-encoding to TS1/0 on input line 282.
Package textcomp Info: Setting cmtt sub-encoding to TS1/0 on input line 283.
Package textcomp Info: Setting cmvtt sub-encoding to TS1/0 on input line 284.
Package textcomp Info: Setting cmbr sub-encoding to TS1/0 on input line 285.
Package textcomp Info: Setting cmtl sub-encoding to TS1/0 on input line 286.
Package textcomp Info: Setting ccr sub-encoding to TS1/0 on input line 287.
Package textcomp Info: Setting ptm sub-encoding to TS1/4 on input line 288.
Package textcomp Info: Setting pcr sub-encoding to TS1/4 on input line 289.
Package textcomp Info: Setting phv sub-encoding to TS1/4 on input line 290.
Package textcomp Info: Setting ppl sub-encoding to TS1/3 on input line 291.
Package textcomp Info: Setting pag sub-encoding to TS1/4 on input line 292.
Package textcomp Info: Setting pbk sub-encoding to TS1/4 on input line 293.
Package textcomp Info: Setting pnc sub-encoding to TS1/4 on input line 294.
Package textcomp Info: Setting pzc sub-encoding to TS1/4 on input line 295.
Package textcomp Info: Setting bch sub-encoding to TS1/4 on input line 296.
Package textcomp Info: Setting put sub-encoding to TS1/5 on input line 297.
Package textcomp Info: Setting uag sub-encoding to TS1/5 on input line 298.
Package textcomp Info: Setting ugq sub-encoding to TS1/5 on input line 299.
Package textcomp Info: Setting ul8 sub-encoding to TS1/4 on input line 300.
Package textcomp Info: Setting ul9 sub-encoding to TS1/4 on input line 301.
Package textcomp Info: Setting augie sub-encoding to TS1/5 on input line 302.
Package textcomp Info: Setting dayrom sub-encoding to TS1/3 on input line 303.
Package textcomp Info: Setting dayroms sub-encoding to TS1/3 on input line 304.

Package textcomp Info: Setting pxr sub-encoding to TS1/0 on input line 305.
Package textcomp Info: Setting pxss sub-encoding to TS1/0 on input line 306.
Package textcomp Info: Setting pxtt sub-encoding to TS1/0 on input line 307.
Package textcomp Info: Setting txr sub-encoding to TS1/0 on input line 308.
Package textcomp Info: Setting txss sub-encoding to TS1/0 on input line 309.
Package textcomp Info: Setting txtt sub-encoding to TS1/0 on input line 310.
Package textcomp Info: Setting futs sub-encoding to TS1/4 on input line 311.
Package textcomp Info: Setting futx sub-encoding to TS1/4 on input line 312.
Package textcomp Info: Setting futj sub-encoding to TS1/4 on input line 313.
Package textcomp Info: Setting hlh sub-encoding to TS1/3 on input line 314.
Package textcomp Info: Setting hls sub-encoding to TS1/3 on input line 315.
Package textcomp Info: Setting hlst sub-encoding to TS1/3 on input line 316.
Package textcomp Info: Setting hlct sub-encoding to TS1/5 on input line 317.
Package textcomp Info: Setting hlx sub-encoding to TS1/5 on input line 318.
Package textcomp Info: Setting hlce sub-encoding to TS1/5 on input line 319.
Package textcomp Info: Setting hlcn sub-encoding to TS1/5 on input line 320.
Package textcomp Info: Setting hlcw sub-encoding to TS1/5 on input line 321.
Package textcomp Info: Setting hlcf sub-encoding to TS1/5 on input line 322.
Package textcomp Info: Setting pplx sub-encoding to TS1/3 on input line 323.
Package textcomp Info: Setting pplj sub-encoding to TS1/3 on input line 324.
Package textcomp Info: Setting ptmx sub-encoding to TS1/4 on input line 325.
Package textcomp Info: Setting ptmj sub-encoding to TS1/4 on input line 326.
))
(/usr/local/texlive/2008/texmf-dist/tex/latex/caption/caption.sty
Package: caption 2008/04/01 v3.1h Customizing captions (AR)

(/usr/local/texlive/2008/texmf-dist/tex/latex/caption/caption3.sty
Package: caption3 2008/03/20 v3.1h caption3 kernel (AR)
\captionmargin=\dimen112
\captionmargin@=\dimen113
\captionwidth=\dimen114
\caption@indent=\dimen115
\caption@parindent=\dimen116
\caption@hangindent=\dimen117
)
\c@ContinuedFloat=\count99
Package caption Info: hyperref package is loaded.
)
(/usr/local/texlive/2008/texmf-dist/tex/latex/multirow/multirow.sty
\bigstrutjot=\dimen118
) (./upe.aux (./preface.aux) (./ata.aux) (./ch1.aux) (./ch2.aux) (./ch3.aux) (.
/ch4.aux)
(./ch5.aux) (./ch6.aux) (./ch7.aux) (./ch8.aux) (./ch9.aux) (./ch10.aux)
(./append1.aux) (./append2.aux) (./append3.aux))
\openout1 = `upe.aux'.

LaTeX Font Info:    Checking defaults for OML/cmm/m/it on input line 26.
LaTeX Font Info:    ... okay on input line 26.
LaTeX Font Info:    Checking defaults for T1/cmr/m/n on input line 26.
LaTeX Font Info:    ... okay on input line 26.
LaTeX Font Info:    Checking defaults for OT1/cmr/m/n on input line 26.
LaTeX Font Info:    ... okay on input line 26.
LaTeX Font Info:    Checking defaults for OMS/pzccm/m/n on input line 26.
LaTeX Font Info:    Try loading font information for OMS+pzccm on input line 26
.

(/usr/local/texlive/2008/texmf-dist/tex/latex/psnfss/omspzccm.fd
File: omspzccm.fd 2000/01/03 Fontinst v1.801 font definitions for OMS/pzccm.
)
LaTeX Font Info:    ... okay on input line 26.
LaTeX Font Info:    Checking defaults for OMX/cmex/m/n on input line 26.
LaTeX Font Info:    ... okay on input line 26.
LaTeX Font Info:    Checking defaults for U/cmr/m/n on input line 26.
LaTeX Font Info:    ... okay on input line 26.
LaTeX Font Info:    Checking defaults for PD1/pdf/m/n on input line 26.
LaTeX Font Info:    ... okay on input line 26.
LaTeX Font Info:    Checking defaults for TS1/cmr/m/n on input line 26.
LaTeX Font Info:    Try loading font information for TS1+cmr on input line 26.

(/usr/local/texlive/2008/texmf-dist/tex/latex/base/ts1cmr.fd
File: ts1cmr.fd 1999/05/25 v2.5h Standard LaTeX font definitions
)
LaTeX Font Info:    ... okay on input line 26.
-------------------- Geometry parameters
paper: a4paper
landscape: --
twocolumn: --
twoside: true
asymmetric: --
h-parts: 71.13188pt, 455.24411pt, 71.13188pt
v-parts: 71.13188pt, 702.78308pt, 71.13188pt
hmarginratio: --
vmarginratio: --
lines: --
heightrounded: --
bindingoffset: 0.0pt
truedimen: --
includehead: --
includefoot: --
includemp: --
driver: pdftex
-------------------- Page layout dimensions and switches
\paperwidth  597.50787pt
\paperheight 845.04684pt
\textwidth  455.24411pt
\textheight 702.78308pt
\oddsidemargin  -1.1381pt
\evensidemargin -1.1381pt
\topmargin  -33.0119pt
\headheight 12.0pt
\headsep    19.8738pt
\footskip   30.0pt
\marginparwidth 98.0pt
\marginparsep   7.0pt
\columnsep  10.0pt
\skip\footins  10.8pt plus 4.0pt minus 2.0pt
\hoffset 0.0pt
\voffset 0.0pt
\mag 1000
\@twosidetrue \@mparswitchtrue 
(1in=72.27pt, 1cm=28.45pt)
-----------------------

(/usr/local/texlive/2008/texmf-dist/tex/context/base/supp-pdf.tex
[Loading MPS to PDF converter (version 2006.09.02).]
\scratchcounter=\count100
\scratchdimen=\dimen119
\scratchbox=\box26
\nofMPsegments=\count101
\nofMParguments=\count102
\everyMPshowfont=\toks17
\MPscratchCnt=\count103
\MPscratchDim=\dimen120
\MPnumerator=\count104
\everyMPtoPDFconversion=\toks18
) (/usr/local/texlive/2008/texmf-dist/tex/latex/graphics/color.sty
Package: color 2005/11/14 v1.0j Standard LaTeX Color (DPC)

(/usr/local/texlive/2008/texmf/tex/latex/config/color.cfg
File: color.cfg 2007/01/18 v1.5 color configuration of teTeX/TeXLive
)
Package color Info: Driver file: pdftex.def on input line 130.
)
Package hyperref Info: Link coloring ON on input line 26.

(/usr/local/texlive/2008/texmf-dist/tex/latex/hyperref/nameref.sty
Package: nameref 2007/05/29 v2.31 Cross-referencing by name of section

(/usr/local/texlive/2008/texmf-dist/tex/latex/oberdiek/refcount.sty
Package: refcount 2008/08/11 v3.1 Data extraction from references (HO)
)
\c@section@level=\count105
)
LaTeX Info: Redefining \ref on input line 26.
LaTeX Info: Redefining \pageref on input line 26.

(./upe.out) (./upe.out)
\@outlinefile=\write3
\openout3 = `upe.out'.

\AtBeginShipoutBox=\box27
Package caption Info: Begin \AtBeginDocument code.
Package caption Info: End \AtBeginDocument code.
LaTeX Font Info:    Try loading font information for OT1+ptmcm on input line 42
.

(/usr/local/texlive/2008/texmf-dist/tex/latex/psnfss/ot1ptmcm.fd
File: ot1ptmcm.fd 2000/01/03 Fontinst v1.801 font definitions for OT1/ptmcm.
)
LaTeX Font Info:    Try loading font information for OML+ptmcm on input line 42
.

(/usr/local/texlive/2008/texmf-dist/tex/latex/psnfss/omlptmcm.fd
File: omlptmcm.fd 2000/01/03 Fontinst v1.801 font definitions for OML/ptmcm.
)
LaTeX Font Info:    Try loading font information for OMX+psycm on input line 42
.

(/usr/local/texlive/2008/texmf-dist/tex/latex/psnfss/omxpsycm.fd
File: omxpsycm.fd 2000/01/03 Fontinst v1.801 font definitions for OMX/psycm.
)
LaTeX Font Info:    Font shape `OT1/ptm/bx/n' in size <14.4> not available
(Font)              Font shape `OT1/ptm/b/n' tried instead on input line 42.
LaTeX Font Info:    Font shape `OT1/ptm/bx/n' in size <10.95> not available
(Font)              Font shape `OT1/ptm/b/n' tried instead on input line 42.
LaTeX Font Info:    Font shape `OT1/ptm/bx/n' in size <8> not available
(Font)              Font shape `OT1/ptm/b/n' tried instead on input line 42.
 [1



{/usr/local/texlive/2008/texmf-var/fonts/map/pdftex/updmap/pdftex.map}] [2

]
LaTeX Font Info:    Font shape `OT1/ptm/bx/n' in size <24.88> not available
(Font)              Font shape `OT1/ptm/b/n' tried instead on input line 42.
 (./upe.toc
LaTeX Font Info:    Font shape `OT1/ptm/bx/n' in size <12> not available
(Font)              Font shape `OT1/ptm/b/n' tried instead on input line 1.
LaTeX Font Info:    Font shape `OT1/ptm/bx/n' in size <9> not available
(Font)              Font shape `OT1/ptm/b/n' tried instead on input line 3.
LaTeX Font Info:    Font shape `OT1/ptm/bx/n' in size <7> not available
(Font)              Font shape `OT1/ptm/b/n' tried instead on input line 3.

[3] [4]
LaTeX Font Info:    Font shape `OT1/pcr/bx/n' in size <12> not available
(Font)              Font shape `OT1/pcr/b/n' tried instead on input line 92.
)
\tf@toc=\write4
\openout4 = `upe.toc'.

 [5]
\openout2 = `preface.aux'.

 (./preface.tex)
\openout2 = `ata.aux'.


No file ata.tex.
[6





]
\openout2 = `ch1.aux'.

 (./ch1.tex
Chapter 1.
LaTeX Font Info:    Try loading font information for TS1+ptm on input line 32.
(/usr/local/texlive/2008/texmf-dist/tex/latex/psnfss/ts1ptm.fd
File: ts1ptm.fd 2001/06/04 font definitions for TS1/ptm.
) [1


]
LaTeX Font Info:    Font shape `OT1/ptm/bx/n' in size <17.28> not available
(Font)              Font shape `OT1/ptm/b/n' tried instead on input line 59.

Overfull \hbox (22.11432pt too wide) in paragraph at lines 142--142
[]        \OT1/pcr/m/n/12 Establish a connection: dial a phone or turn on a swi
tch as necessary.[] 
 []

[2]
LaTeX Font Info:    Try loading font information for TS1+pcr on input line 142.

 (/usr/local/texlive/2008/texmf-dist/tex/latex/psnfss/ts1pcr.fd
File: ts1pcr.fd 2001/06/04 font definitions for TS1/pcr.
)
Overfull \hbox (29.31432pt too wide) in paragraph at lines 142--142
[]        \OT1/pcr/m/n/12 Password:                  Your password won\TS1/pcr/
m/n/12 '\OT1/pcr/m/n/12 t be echoed as you type it[] 
 []


Overfull \hbox (4.8344pt too wide) in paragraph at lines 142--142
[]        \OT1/pcr/m/n/12 You have mail.             There\TS1/pcr/m/n/12 '\OT1
/pcr/m/n/12 s mail to be read after you log in[] 
 []


Overfull \hbox (9.87436pt too wide) in paragraph at lines 142--142
[]        \OT1/pcr/m/n/12 $                          The system is now ready fo
r your commands[] 
 []

[3] [4])
Underfull \vbox (badness 10000) has occurred while \output is active []

 [5]
[6]
\openout2 = `ch2.aux'.

 (./ch2.tex
Chapter 2.
) [7



]
\openout2 = `ch3.aux'.

 (./ch3.tex [8



]
Chapter 3.
[9] [10] [11] [12]
Overfull \hbox (9.87436pt too wide) in paragraph at lines 263--263
[]\OT1/pcr/m/n/12 -------------------------------------------------------------
---------------[] 
 []


Overfull \hbox (3.75438pt too wide) in paragraph at lines 263--263
[]\OT1/pcr/m/n/12 ${var}          value of var; avoids confusion when concatena
ted with text;[] 
 []


Overfull \hbox (9.87436pt too wide) in paragraph at lines 263--263
[]\OT1/pcr/m/n/12 #               if # starts word, rest of line is a comment (
not in 7th Ed.)[] 
 []


Overfull \hbox (9.87436pt too wide) in paragraph at lines 263--263
[]\OT1/pcr/m/n/12 -------------------------------------------------------------
---------------[] 
 []

[13]) [14]
\openout2 = `ch4.aux'.

 (./ch4.tex
Chapter 4.
LaTeX Font Info:    Font shape `OT1/pcr/bx/n' in size <17.28> not available
(Font)              Font shape `OT1/pcr/b/n' tried instead on input line 2.
) [15



]
\openout2 = `ch5.aux'.

 (./ch5.tex [16



]
Chapter 5.
) [17]
\openout2 = `ch6.aux'.

 (./ch6.tex [18



]
Chapter 6.
) [19]
\openout2 = `ch7.aux'.

 (./ch7.tex [20



]
Chapter 7.
) [21]
\openout2 = `ch8.aux'.

 (./ch8.tex [22



]
Chapter 8.
) [23]
\openout2 = `ch9.aux'.

 (./ch9.tex [24



]
Chapter 9.
) [25]
\openout2 = `ch10.aux'.

 (./ch10.tex [26



]
Chapter 10.
) [27]
\openout2 = `append1.aux'.

 (./append1.tex [28



]
Appendix A.
) [29]
\openout2 = `append2.aux'.

 (./append2.tex [30



]
Appendix B.
LaTeX Font Info:    Font shape `OT1/pcr/bx/n' in size <24.88> not available
(Font)              Font shape `OT1/pcr/b/n' tried instead on input line 1.

Overfull \hbox (28.2343pt too wide) in paragraph at lines 234--234
[]\OT1/pcr/m/n/12 Hoc is a simple programmable interpreter for floating point e
xpressions. It has[] 
 []


Overfull \hbox (9.87436pt too wide) in paragraph at lines 234--234
[]\OT1/pcr/m/n/12 control-flow statements, most statements such as assignments 
are expressions[] 
 []


Overfull \hbox (22.11432pt too wide) in paragraph at lines 234--234
[]\OT1/pcr/m/n/12 whose value is disregarded. For example, the assignment opera
tor = assigns the[] 
 []


Overfull \hbox (3.75438pt too wide) in paragraph at lines 234--234
[]\OT1/pcr/m/n/12 Variable names are formed from a letter followed by a string 
of letters and[] 
 []


Underfull \vbox (badness 10000) has occurred while \output is active []

 [31]
Overfull \hbox (18.15437pt too wide) in paragraph at lines 234--234
[]\OT1/pcr/m/n/12 comparison; unop refers to the two negation operators, \TS1/p
cr/m/n/12 `\OT1/pcr/m/n/12 !\TS1/pcr/m/n/12 ' \OT1/pcr/m/n/12 (logical negation
,[] 
 []


Overfull \hbox (32.55437pt too wide) in paragraph at lines 234--234
[]\TS1/pcr/m/n/12 `\OT1/pcr/m/n/12 not\TS1/pcr/m/n/12 '\OT1/pcr/m/n/12 ) and \T
S1/pcr/m/n/12 `\OT1/pcr/m/n/12 -\TS1/pcr/m/n/12 ' \OT1/pcr/m/n/12 (arithmetic n
egation, sign change). Table 1 lists the operators.[] 
 []


Overfull \hbox (22.11432pt too wide) in paragraph at lines 234--234
[]\OT1/pcr/m/n/12 -------------------------------------------------------------
-----------------[] 
 []


Overfull \hbox (22.11432pt too wide) in paragraph at lines 234--234
[]\OT1/pcr/m/n/12 -------------------------------------------------------------
-----------------[] 
 []


Overfull \hbox (15.99434pt too wide) in paragraph at lines 234--234
[]\OT1/pcr/m/n/12 Functions, as described later, may be defined by the user. Fu
nction arguments[] 
 []


Overfull \hbox (22.11432pt too wide) in paragraph at lines 234--234
[]\OT1/pcr/m/n/12 -------------------------------------------------------------
-----------------[] 
 []


Overfull \hbox (22.11432pt too wide) in paragraph at lines 234--234
[]\OT1/pcr/m/n/12 -------------------------------------------------------------
-----------------[] 
 []


Overfull \hbox (34.35428pt too wide) in paragraph at lines 234--234
[]\OT1/pcr/m/n/12 Logical expressions have value 1.0 (true) and 0.0 (false). As
 in C, any non-zero[] 
 []


Overfull \hbox (15.99434pt too wide) in paragraph at lines 234--234
[]\OT1/pcr/m/n/12 value is taken to be true. As is always the case with floatin
g point numbers,[] 
 []


Overfull \hbox (22.11432pt too wide) in paragraph at lines 234--234
[]\OT1/pcr/m/n/12 -------------------------------------------------------------
-----------------[] 
 []


Overfull \hbox (9.87436pt too wide) in paragraph at lines 234--234
[]    \OT1/pcr/m/n/12 GAMMA       0.57721566490153286060      gamma, Euler-Masc
heroni constant[] 
 []


Overfull \hbox (3.75438pt too wide) in paragraph at lines 234--234
[]    \OT1/pcr/m/n/12 PHI         1.61803398874989484820      (sqrt(5)+1)/2, th
e golden ratio[] 
 []


Overfull \hbox (22.11432pt too wide) in paragraph at lines 234--234
[]    \OT1/pcr/m/n/12 PI          3.14159265358979323846      pi, circular tran
scendental number[] 
 []


Overfull \hbox (22.11432pt too wide) in paragraph at lines 234--234
[]\OT1/pcr/m/n/12 -------------------------------------------------------------
-----------------[] 
 []


Underfull \vbox (badness 10000) has occurred while \output is active []

 [32]
Overfull \hbox (28.2343pt too wide) in paragraph at lines 234--234
[]\OT1/pcr/m/n/12 An assignment is parsed by default as a statement rather than
 an expression, so[] 
 []


Overfull \hbox (28.2343pt too wide) in paragraph at lines 234--234
[]\OT1/pcr/m/n/12 In the second example, the braces are mandatory: the newline 
after the if would[] 
 []


Overfull \hbox (22.11432pt too wide) in paragraph at lines 234--234
[]\OT1/pcr/m/n/12 The syntax and semantics of hoc control flow facilities are b
asically the same[] 
 []


Overfull \hbox (3.75438pt too wide) in paragraph at lines 234--234
[]\OT1/pcr/m/n/12 as in C.  The while and if statements are just as in C, excep
t there are no[] 
 []


Overfull \hbox (34.35428pt too wide) in paragraph at lines 234--234
[]\OT1/pcr/m/n/12 argument. Unlike the built-ins, though, the argument is not a
n expression: it is[] 
 []


Overfull \hbox (3.75438pt too wide) in paragraph at lines 234--234
[]\OT1/pcr/m/n/12 the name of a variable. The next number (as defined above) is
 read from the[] 
 []


Underfull \vbox (badness 10000) has occurred while \output is active []

 [33]
Overfull \hbox (34.35428pt too wide) in paragraph at lines 234--234
[]\OT1/pcr/m/n/12 standard input and assigned to the named variable. The return
 value of read is 1[] 
 []


Overfull \hbox (28.2343pt too wide) in paragraph at lines 234--234
[]\OT1/pcr/m/n/12 (true) if a value was read, and 0 (false) if read encountered
 end of file or an[] 
 []


Overfull \hbox (15.99434pt too wide) in paragraph at lines 234--234
[]\OT1/pcr/m/n/12 C. Newlines must be supplied; they are never provided automat
ically by print.[] 
 []


Overfull \hbox (3.75438pt too wide) in paragraph at lines 234--234
[]\OT1/pcr/m/n/12 Note that read is a special built-in function, and therefore 
takes a single[] 
 []


Overfull \hbox (34.35428pt too wide) in paragraph at lines 234--234
[]\OT1/pcr/m/n/12 parenthesized argument, while print is a statement that takes
 a comma-separated,[] 
 []


Overfull \hbox (22.11432pt too wide) in paragraph at lines 234--234
[]\OT1/pcr/m/n/12 Functions and procedures are distinct in hoc, although they a
re defined by the[] 
 []


Overfull \hbox (34.35428pt too wide) in paragraph at lines 234--234
[]\OT1/pcr/m/n/12 same mechanism. This distinction is simply for run-time error
 checking: it is an[] 
 []


Overfull \hbox (22.11432pt too wide) in paragraph at lines 234--234
[]\OT1/pcr/m/n/12 error for a procedure to return a value, and for a function n
ot to return one.[] 
 []


Overfull \hbox (15.99434pt too wide) in paragraph at lines 234--234
[]\OT1/pcr/m/n/12 name may be the name of any variable --- built-in functions a
re excluded. The[] 
 []


Overfull \hbox (22.11432pt too wide) in paragraph at lines 234--234
[]\OT1/pcr/m/n/12 definition, up to the opening brace or statement, must be on 
one line, as with[] 
 []


Overfull \hbox (3.75438pt too wide) in paragraph at lines 234--234
[]\OT1/pcr/m/n/12 necessarily a compound (brace-enclosed) statement. Since semi
colons have no[] 
 []


Overfull \hbox (3.75438pt too wide) in paragraph at lines 234--234
[]\OT1/pcr/m/n/12 meaning in hoc, a null procedure body is formed by an empty p
air of braces.[] 
 []


Overfull \hbox (9.87436pt too wide) in paragraph at lines 234--234
[]\OT1/pcr/m/n/12 semantically equivalent to variables. It is an error to refer
 to an argument[] 
 []


Overfull \hbox (22.11432pt too wide) in paragraph at lines 234--234
[]\OT1/pcr/m/n/12 numbered greater than the number of arguments passed to the r
outine. The error[] 
 []


Overfull \hbox (34.35428pt too wide) in paragraph at lines 234--234
[]\OT1/pcr/m/n/12 checking is done dynamically, however, so a routine may have 
variable numbers of[] 
 []


Overfull \hbox (22.11432pt too wide) in paragraph at lines 234--234
[]\OT1/pcr/m/n/12 arguments if initial arguments affect the number of arguments
 to be referenced[] 
 []


Overfull \hbox (22.11432pt too wide) in paragraph at lines 234--234
[]\OT1/pcr/m/n/12 Functions and procedures may recurse, but the stack has limit
ed depth (about a[] 
 []


Overfull \hbox (17.07436pt too wide) in paragraph at lines 234--234
[]\OT1/pcr/m/n/12 hundred calls). The following shows a hoc definition of Acker
mann\TS1/pcr/m/n/12 '\OT1/pcr/m/n/12 s function:[] 
 []


Underfull \vbox (badness 10000) has occurred while \output is active []

 [34]
Underfull \vbox (badness 10000) has occurred while \output is active []

 [35])
[36]
\openout2 = `append3.aux'.

 (./append3.tex
Appendix C.

Overfull \hbox (9.87436pt too wide) in paragraph at lines 938--938
[]\OT1/pcr/m/n/12 ***** hoc.y *************************************************
***************[] 
 []


Underfull \vbox (badness 10000) has occurred while \output is active []

 [37



]
Underfull \vbox (badness 10000) has occurred while \output is active []

 [38]
Underfull \vbox (badness 10000) has occurred while \output is active []

 [39]
Underfull \vbox (badness 10000) has occurred while \output is active []

 [40]
Underfull \vbox (badness 10000) has occurred while \output is active []

 [41]
Underfull \vbox (badness 10000) has occurred while \output is active []

 [42]
Overfull \hbox (9.87436pt too wide) in paragraph at lines 938--938
[]\OT1/pcr/m/n/12 ***** hoc.h *************************************************
***************[] 
 []


Underfull \vbox (badness 10000) has occurred while \output is active []

 [43]
Overfull \hbox (9.87436pt too wide) in paragraph at lines 938--938
[]\OT1/pcr/m/n/12 ***** symbol.c **********************************************
***************[] 
 []


Underfull \vbox (badness 10000) has occurred while \output is active []

 [44]
Overfull \hbox (9.87436pt too wide) in paragraph at lines 938--938
[]\OT1/pcr/m/n/12 ***** code.c ************************************************
***************[] 
 []


Underfull \vbox (badness 10000) has occurred while \output is active []

 [45]
Underfull \vbox (badness 10000) has occurred while \output is active []

 [46]
Underfull \vbox (badness 10000) has occurred while \output is active []

 [47]
Underfull \vbox (badness 10000) has occurred while \output is active []

 [48]
Overfull \hbox (3.75438pt too wide) in paragraph at lines 938--938
[]                \OT1/pcr/m/n/12 execerror("attempt to evaluate non-variable",
 d.sym->name);[] 
 []


Underfull \vbox (badness 10000) has occurred while \output is active []

 [49]
Underfull \vbox (badness 10000) has occurred while \output is active []

 [50]
Underfull \vbox (badness 10000) has occurred while \output is active []

 [51]
Underfull \vbox (badness 10000) has occurred while \output is active []

 [52]
Overfull \hbox (9.87436pt too wide) in paragraph at lines 938--938
[]\OT1/pcr/m/n/12 ***** init.c ************************************************
***************[] 
 []


Underfull \vbox (badness 10000) has occurred while \output is active []

 [53]
Underfull \vbox (badness 10000) has occurred while \output is active []

 [54]
Overfull \hbox (9.87436pt too wide) in paragraph at lines 938--938
[]\OT1/pcr/m/n/12 ***** math.c ************************************************
***************[] 
 []


Underfull \vbox (badness 10000) has occurred while \output is active []

 [55]
Overfull \hbox (9.87436pt too wide) in paragraph at lines 938--938
[]\OT1/pcr/m/n/12 ***** makefile **********************************************
***************[] 
 []

) [56] (./upe.aux (./preface.aux) (./ata.aux) (./ch1.aux) (./ch2.aux)
(./ch3.aux) (./ch4.aux) (./ch5.aux) (./ch6.aux) (./ch7.aux) (./ch8.aux)
(./ch9.aux) (./ch10.aux) (./append1.aux) (./append2.aux) (./append3.aux)) ) 
Here is how much of TeX's memory you used:
 6386 strings out of 493886
 96238 string characters out of 1151099
 167053 words of memory out of 3000000
 9296 multiletter control sequences out of 10000+50000
 37916 words of font info for 82 fonts, out of 3000000 for 5000
 714 hyphenation exceptions out of 8191
 36i,6n,38p,215b,397s stack positions out of 5000i,500n,10000p,200000b,50000s
{/us
r/local/texlive/2008/texmf-dist/fonts/enc/dvips/base/8r.enc}</usr/local/texlive
/2008/texmf-dist/fonts/type1/urw/courier/ucrb8a.pfb></usr/local/texlive/2008/te
xmf-dist/fonts/type1/urw/courier/ucrr8a.pfb></usr/local/texlive/2008/texmf-dist
/fonts/type1/urw/courier/ucrr8a.pfb></usr/local/texlive/2008/texmf-dist/fonts/t
ype1/urw/courier/ucrro8a.pfb></usr/local/texlive/2008/texmf-dist/fonts/type1/ur
w/times/utmb8a.pfb></usr/local/texlive/2008/texmf-dist/fonts/type1/urw/times/ut
mr8a.pfb></usr/local/texlive/2008/texmf-dist/fonts/type1/urw/times/utmr8a.pfb><
/usr/local/texlive/2008/texmf-dist/fonts/type1/urw/times/utmri8a.pfb>
Output written on upe.pdf (62 pages, 236212 bytes).
PDF statistics:
 802 PDF objects out of 1000 (max. 8388607)
 156 named destinations out of 1000 (max. 131072)
 761 words of extra memory for PDF output out of 10000 (max. 10000000)

